INFO:__main__:Prosess Start!!
INFO:__main__:Prosess 1
INFO:__main__:Prosess 2
INFO:__main__:Prosess 3
INFO:__main__:Prosess 4
DEBUG:model_l96:(40, 40)
DEBUG:model_l96:(40, 40)
DEBUG:model_l96:(40, 40)
DEBUG:model_l96:(40, 40)
DEBUG:model_l96:(40, 40)
DEBUG:model_l96:(40, 40)
DEBUG:model_l96:(40, 40)
DEBUG:model_l96:(40, 40)
DEBUG:model_l96:(40, 40)
DEBUG:model_l96:(40, 40)
DEBUG:model_l96:(40, 40)
DEBUG:model_l96:(40, 40)
DEBUG:model_l96:(40, 40)
DEBUG:model_l96:(40, 40)
DEBUG:model_l96:(40, 40)
DEBUG:model_l96:(40, 40)
DEBUG:model_l96:(40, 40)
DEBUG:model_l96:(40, 40)
DEBUG:model_l96:(40, 40)
DEBUG:model_l96:(40, 40)
DEBUG:model_l96:(40, 40)
DEBUG:model_l96:(40, 40)
DEBUG:model_l96:(40, 40)
DEBUG:model_l96:(40, 40)
DEBUG:model_l96:(40, 40)
DEBUG:model_l96:(40, 40)
DEBUG:model_l96:(40, 40)
DEBUG:model_l96:(40, 40)
DEBUG:model_l96:(40, 40)
DEBUG:model_l96:(40, 40)
DEBUG:model_l96:(40, 40)
DEBUG:model_l96:(40, 40)
DEBUG:model_l96:(40, 40)
DEBUG:model_l96:(40, 40)
DEBUG:model_l96:(40, 40)
DEBUG:model_l96:(40, 40)
DEBUG:model_l96:(40, 40)
DEBUG:model_l96:(40, 40)
DEBUG:model_l96:(40, 40)
INFO:__main__:Prosess 5
